run                    : 867435 apps in train, 96376 in test
run                    : Start processing
process_train_partition   : train: part_000_0_to_23646.parquet - done. Train: 20468, test: 2275
process_train_partition   : train: part_001_23647_to_47415.parquet - done. Train: 20589, test: 2311
process_train_partition   : train: part_002_47416_to_70092.parquet - done. Train: 19555, test: 2272
process_train_partition   : train: part_003_70093_to_92989.parquet - done. Train: 19677, test: 2163
process_train_partition   : train: part_004_92990_to_115175.parquet - done. Train: 19177, test: 2213
process_train_partition   : train: part_005_115176_to_138067.parquet - done. Train: 19410, test: 2132
process_train_partition   : train: part_006_138068_to_159724.parquet - done. Train: 18709, test: 2039
process_train_partition   : train: part_007_159725_to_180735.parquet - done. Train: 17868, test: 1952
process_train_partition   : train: part_008_180736_to_202834.parquet - done. Train: 18825, test: 2014
process_train_partition   : train: part_009_202835_to_224283.parquet - done. Train: 17744, test: 1990
process_train_partition   : train: part_010_224284_to_245233.parquet - done. Train: 17741, test: 2060
process_train_partition   : train: part_011_245234_to_265281.parquet - done. Train: 17172, test: 1923
process_train_partition   : train: part_012_265282_to_285632.parquet - done. Train: 17517, test: 1884
process_train_partition   : train: part_013_285633_to_306877.parquet - done. Train: 18220, test: 2044
process_train_partition   : train: part_014_306878_to_329680.parquet - done. Train: 19461, test: 2137
process_train_partition   : train: part_015_329681_to_350977.parquet - done. Train: 18457, test: 2025
process_train_partition   : train: part_016_350978_to_372076.parquet - done. Train: 18035, test: 2013
process_train_partition   : train: part_017_372077_to_392692.parquet - done. Train: 17890, test: 1976
process_train_partition   : train: part_018_392693_to_413981.parquet - done. Train: 18317, test: 1989
process_train_partition   : train: part_019_413982_to_434478.parquet - done. Train: 17812, test: 1977
process_train_partition   : train: part_020_434479_to_455958.parquet - done. Train: 18662, test: 2140
process_train_partition   : train: part_021_455959_to_477221.parquet - done. Train: 18220, test: 2081
process_train_partition   : train: part_022_477222_to_496751.parquet - done. Train: 17037, test: 1884
process_train_partition   : train: part_023_496752_to_517332.parquet - done. Train: 17863, test: 1993
process_train_partition   : train: part_024_517333_to_537036.parquet - done. Train: 17272, test: 1893
process_train_partition   : train: part_025_537037_to_557423.parquet - done. Train: 17748, test: 2098
process_train_partition   : train: part_026_557424_to_576136.parquet - done. Train: 16364, test: 1791
process_train_partition   : train: part_027_576137_to_595745.parquet - done. Train: 17004, test: 1877
process_train_partition   : train: part_028_595746_to_615602.parquet - done. Train: 17020, test: 1936
process_train_partition   : train: part_029_615603_to_635004.parquet - done. Train: 16847, test: 1838
process_train_partition   : train: part_030_635005_to_654605.parquet - done. Train: 16959, test: 1936
process_train_partition   : train: part_031_654606_to_673656.parquet - done. Train: 16456, test: 1886
process_train_partition   : train: part_032_673657_to_696025.parquet - done. Train: 19003, test: 2126
process_train_partition   : train: part_033_696026_to_714545.parquet - done. Train: 16155, test: 1789
process_train_partition   : train: part_034_714546_to_733168.parquet - done. Train: 16380, test: 1685
process_train_partition   : train: part_035_733169_to_752514.parquet - done. Train: 16847, test: 1899
process_train_partition   : train: part_036_752515_to_770940.parquet - done. Train: 16180, test: 1756
process_train_partition   : train: part_037_770941_to_788380.parquet - done. Train: 15266, test: 1676
process_train_partition   : train: part_038_788381_to_805771.parquet - done. Train: 15256, test: 1674
process_train_partition   : train: part_039_805772_to_823299.parquet - done. Train: 15440, test: 1670
process_train_partition   : train: part_040_823300_to_841218.parquet - done. Train: 15475, test: 1693
process_train_partition   : train: part_041_841219_to_859270.parquet - done. Train: 15796, test: 1817
process_train_partition   : train: part_042_859271_to_878521.parquet - done. Train: 16847, test: 1840
process_train_partition   : train: part_043_878522_to_896669.parquet - done. Train: 15877, test: 1748
process_train_partition   : train: part_044_896670_to_916056.parquet - done. Train: 16838, test: 1852
process_train_partition   : train: part_045_916057_to_935131.parquet - done. Train: 16511, test: 1851
process_train_partition   : train: part_046_935132_to_951695.parquet - done. Train: 14437, test: 1631
process_train_partition   : train: part_047_951696_to_970383.parquet - done. Train: 16430, test: 1756
process_train_partition   : train: part_048_970384_to_987313.parquet - done. Train: 14747, test: 1667
process_train_partition   : train: part_049_987314_to_1003050.parquet - done. Train: 13854, test: 1504
process_test_partition   : test: part_000_1063620_to_1074462.parquet - done. Train: 10522, test: 0
process_test_partition   : test: part_001_1074463_to_1085303.parquet - done. Train: 10577, test: 0
process_test_partition   : test: part_002_1085304_to_1095174.parquet - done. Train: 9659, test: 0
process_test_partition   : test: part_003_1095175_to_1105002.parquet - done. Train: 9616, test: 0
process_test_partition   : test: part_004_1105003_to_1116054.parquet - done. Train: 10781, test: 0
process_test_partition   : test: part_005_1116055_to_1127527.parquet - done. Train: 11080, test: 0
process_test_partition   : test: part_006_1127528_to_1137672.parquet - done. Train: 9921, test: 0
process_test_partition   : test: part_007_1137673_to_1147504.parquet - done. Train: 9604, test: 0
process_test_partition   : test: part_008_1147505_to_1157749.parquet - done. Train: 9856, test: 0
process_test_partition   : test: part_009_1157750_to_1167980.parquet - done. Train: 9962, test: 0
process_test_partition   : test: part_010_1167981_to_1178851.parquet - done. Train: 10580, test: 0
process_test_partition   : test: part_011_1178852_to_1190630.parquet - done. Train: 11463, test: 0
process_test_partition   : test: part_012_1190631_to_1200939.parquet - done. Train: 10072, test: 0
process_test_partition   : test: part_013_1200940_to_1211425.parquet - done. Train: 10227, test: 0
process_test_partition   : test: part_014_1211426_to_1222122.parquet - done. Train: 10462, test: 0
process_test_partition   : test: part_015_1222123_to_1232298.parquet - done. Train: 9914, test: 0
process_test_partition   : test: part_016_1232299_to_1242388.parquet - done. Train: 9787, test: 0
process_test_partition   : test: part_017_1242389_to_1252416.parquet - done. Train: 9755, test: 0
process_test_partition   : test: part_018_1252417_to_1262614.parquet - done. Train: 9912, test: 0
process_test_partition   : test: part_019_1262615_to_1273376.parquet - done. Train: 10448, test: 0
process_test_partition   : test: part_020_1273377_to_1283831.parquet - done. Train: 10191, test: 0
process_test_partition   : test: part_021_1283832_to_1294494.parquet - done. Train: 10408, test: 0
process_test_partition   : test: part_022_1294495_to_1304964.parquet - done. Train: 10169, test: 0
process_test_partition   : test: part_023_1304965_to_1314698.parquet - done. Train: 9521, test: 0
process_test_partition   : test: part_024_1314699_to_1324518.parquet - done. Train: 9547, test: 0
process_test_partition   : test: part_025_1324519_to_1334901.parquet - done. Train: 10161, test: 0
process_test_partition   : test: part_026_1334902_to_1345587.parquet - done. Train: 10420, test: 0
process_test_partition   : test: part_027_1345588_to_1355874.parquet - done. Train: 10071, test: 0
process_test_partition   : test: part_028_1355875_to_1366314.parquet - done. Train: 10187, test: 0
process_test_partition   : test: part_029_1366315_to_1376991.parquet - done. Train: 10349, test: 0
process_test_partition   : test: part_030_1376992_to_1386419.parquet - done. Train: 9167, test: 0
process_test_partition   : test: part_031_1386420_to_1395884.parquet - done. Train: 9202, test: 0
process_test_partition   : test: part_032_1395885_to_1405390.parquet - done. Train: 9267, test: 0
process_test_partition   : test: part_033_1405391_to_1416489.parquet - done. Train: 10671, test: 0
process_test_partition   : test: part_034_1416492_to_1426763.parquet - done. Train: 9952, test: 0
process_test_partition   : test: part_035_1426764_to_1436400.parquet - done. Train: 9395, test: 0
process_test_partition   : test: part_036_1436401_to_1448080.parquet - done. Train: 11383, test: 0
process_test_partition   : test: part_037_1448081_to_1459730.parquet - done. Train: 11358, test: 0
process_test_partition   : test: part_038_1459731_to_1470134.parquet - done. Train: 10172, test: 0
process_test_partition   : test: part_039_1470135_to_1479802.parquet - done. Train: 9379, test: 0
process_test_partition   : test: part_040_1479803_to_1489232.parquet - done. Train: 9164, test: 0
process_test_partition   : test: part_041_1489233_to_1499712.parquet - done. Train: 10213, test: 0
process_test_partition   : test: part_042_1499713_to_1510447.parquet - done. Train: 10448, test: 0
process_test_partition   : test: part_043_1510448_to_1520793.parquet - done. Train: 10024, test: 0
process_test_partition   : test: part_044_1520794_to_1531282.parquet - done. Train: 10181, test: 0
process_test_partition   : test: part_045_1531283_to_1541445.parquet - done. Train: 9854, test: 0
process_test_partition   : test: part_046_1541446_to_1551040.parquet - done. Train: 9234, test: 0
process_test_partition   : test: part_047_1551041_to_1560328.parquet - done. Train: 9020, test: 0
process_test_partition   : test: part_048_1560329_to_1570341.parquet - done. Train: 9673, test: 0
process_test_partition   : test: part_049_1570342_to_1580442.parquet - done. Train: 9737, test: 0
run                    : Data collected in 1990 sec (0:33:10.831490)
